<?xml version="1.0" encoding="UTF-8"?>
<testng-results skipped="0" failed="0" ignored="0" total="1" passed="1">
  <reporter-output>
  </reporter-output>
  <suite name="All Test Suite" duration-ms="3498" started-at="2024-12-11T12:27:15Z" finished-at="2024-12-11T12:27:19Z">
    <groups>
    </groups>
    <test name="测试百度" duration-ms="3498" started-at="2024-12-11T12:27:15Z" finished-at="2024-12-11T12:27:19Z">
      <class name="org.ceiling.controller.BaiduSearchController">
        <test-method status="PASS" signature="setUp()[pri:0, instance:org.ceiling.controller.BaiduSearchController@4d4960c8]" name="setUp" is-config="true" duration-ms="17" started-at="2024-12-11T12:27:15Z" finished-at="2024-12-11T12:27:16Z">
          <reporter-output>
          </reporter-output>
        </test-method> <!-- setUp -->
        <test-method status="PASS" signature="testBaiduSearchContent()[pri:0, instance:org.ceiling.controller.BaiduSearchController@4d4960c8]" name="testBaiduSearchContent" duration-ms="3374" started-at="2024-12-11T12:27:16Z" finished-at="2024-12-11T12:27:19Z">
          <reporter-output>
          </reporter-output>
        </test-method> <!-- testBaiduSearchContent -->
      </class> <!-- org.ceiling.controller.BaiduSearchController -->
    </test> <!-- 测试百度 -->
  </suite> <!-- All Test Suite -->
</testng-results>
