<?xml version="1.0" encoding="UTF-8"?>
<testng-results skipped="0" failed="0" ignored="0" total="1" passed="1">
  <reporter-output>
  </reporter-output>
  <suite name="All Test Suite" duration-ms="2964" started-at="2024-12-05T13:17:35Z" finished-at="2024-12-05T13:17:38Z">
    <groups>
    </groups>
    <test name="测试百度" duration-ms="2964" started-at="2024-12-05T13:17:35Z" finished-at="2024-12-05T13:17:38Z">
      <class name="org.ceiling.controller.BaiduSearchController">
        <test-method status="PASS" signature="setUp()[pri:0, instance:org.ceiling.controller.BaiduSearchController@773bd77b]" name="setUp" is-config="true" duration-ms="31" started-at="2024-12-05T13:17:35Z" finished-at="2024-12-05T13:17:35Z">
          <reporter-output>
          </reporter-output>
        </test-method> <!-- setUp -->
        <test-method status="PASS" signature="testBaiduSearchContent()[pri:0, instance:org.ceiling.controller.BaiduSearchController@773bd77b]" name="testBaiduSearchContent" duration-ms="2860" started-at="2024-12-05T13:17:35Z" finished-at="2024-12-05T13:17:38Z">
          <reporter-output>
          </reporter-output>
        </test-method> <!-- testBaiduSearchContent -->
      </class> <!-- org.ceiling.controller.BaiduSearchController -->
    </test> <!-- 测试百度 -->
  </suite> <!-- All Test Suite -->
</testng-results>
